<?xml version="1.0" encoding="UTF-8"?>
<testng-results skipped="0" failed="0" ignored="0" total="1" passed="1">
  <reporter-output>
  </reporter-output>
  <suite name="Default suite" duration-ms="2337" started-at="2018-12-28T17:40:50Z" finished-at="2018-12-28T17:40:52Z">
    <groups>
    </groups>
    <test name="Default test" duration-ms="2337" started-at="2018-12-28T17:40:50Z" finished-at="2018-12-28T17:40:52Z">
      <class name="com.qa.tests.PostAPITest">
        <test-method status="PASS" signature="setUP()[pri:0, instance:com.qa.tests.PostAPITest@7823a2f9]" name="setUP" is-config="true" duration-ms="9" started-at="2018-12-28T17:40:50Z" finished-at="2018-12-28T17:40:50Z">
          <reporter-output>
          </reporter-output>
        </test-method> <!-- setUP -->
        <test-method status="PASS" signature="postApiTest()[pri:0, instance:com.qa.tests.PostAPITest@7823a2f9]" name="postApiTest" duration-ms="2284" started-at="2018-12-28T17:40:50Z" finished-at="2018-12-28T17:40:52Z">
          <reporter-output>
          </reporter-output>
        </test-method> <!-- postApiTest -->
      </class> <!-- com.qa.tests.PostAPITest -->
    </test> <!-- Default test -->
  </suite> <!-- Default suite -->
</testng-results>
